<?xml version="1.0" encoding="UTF-8"?>
<!-- Generated by org.testng.reporters.JUnitReportReporter -->
<testsuite hostname="LAPTOP-U0FAR30F" failures="0" tests="1" name="com.crm.qa.testcases.VerifySignUpPageTest" time="4.069" errors="0" timestamp="2022-11-20T20:17:12 IST" skipped="0">
  <testcase classname="com.crm.qa.testcases.VerifySignUpPageTest" name="verifyAlltheFields" time="4.069"/>
  <system-out/>
</testsuite> <!-- com.crm.qa.testcases.VerifySignUpPageTest -->
