<?xml version="1.0" encoding="UTF-8"?>
<!-- Generated by org.testng.reporters.JUnitReportReporter -->
<testsuite hostname="LAPTOP-U0FAR30F" failures="0" tests="2" name="com.crm.qa.testcases.VerifyIteraLogoTest" time="7.439" errors="0" timestamp="2022-11-16T13:26:27 IST" skipped="0">
  <testcase classname="com.crm.qa.testcases.VerifyIteraLogoTest" name="verifylogoTest" time="3.136"/>
  <system-out/>
  <testcase classname="com.crm.qa.testcases.VerifyIteraLogoTest" name="verifyPageTitle" time="4.303"/>
  <system-out/>
</testsuite> <!-- com.crm.qa.testcases.VerifyIteraLogoTest -->
