<?xml version="1.0" encoding="UTF-8"?>
<!-- Generated by org.testng.reporters.JUnitReportReporter -->
<testsuite hostname="LAPTOP-U0FAR30F" failures="0" tests="1" name="com.crm.qa.testcases.TC_05_VerifyRadioButtonAndCheckBoxTest" time="15.084" errors="0" timestamp="2022-11-20T20:18:04 IST" skipped="0">
  <testcase classname="com.crm.qa.testcases.TC_05_VerifyRadioButtonAndCheckBoxTest" name="clickOnTwoCheckBoxTest" time="15.084"/>
  <system-out/>
</testsuite> <!-- com.crm.qa.testcases.TC_05_VerifyRadioButtonAndCheckBoxTest -->
