<?xml version="1.0" encoding="UTF-8"?>
<!-- Generated by org.testng.reporters.JUnitReportReporter -->
<testsuite hostname="LAPTOP-U0FAR30F" failures="0" tests="2" name="com.crm.qa.testcases.TC_04_VerifySelectDropDownTest" time="5.490" errors="0" timestamp="2022-11-18T22:54:50 IST" skipped="0">
  <testcase classname="com.crm.qa.testcases.TC_04_VerifySelectDropDownTest" name="VerifyseletdropdownTest" time="2.710"/>
  <system-out/>
  <testcase classname="com.crm.qa.testcases.TC_04_VerifySelectDropDownTest" name="VerifyWithoutUsingSelectMethods" time="2.780"/>
  <system-out/>
</testsuite> <!-- com.crm.qa.testcases.TC_04_VerifySelectDropDownTest -->
