<?xml version="1.0" encoding="UTF-8"?>
<!-- Generated by org.testng.reporters.JUnitReportReporter -->
<testsuite hostname="LAPTOP-U0FAR30F" failures="0" tests="1" name="com.crm.qa.testcases.VerifyRadioBottonAndCheckBoxTest" time="4.132" errors="0" timestamp="2022-11-16T13:34:40 IST" skipped="0">
  <testcase classname="com.crm.qa.testcases.VerifyRadioBottonAndCheckBoxTest" name="verifyAllCheckBox" time="4.132"/>
  <system-out/>
</testsuite> <!-- com.crm.qa.testcases.VerifyRadioBottonAndCheckBoxTest -->
