<?xml version="1.0" encoding="UTF-8"?>
<!-- Generated by org.testng.reporters.JUnitReportReporter -->
<testsuite hostname="LAPTOP-U0FAR30F" failures="0" tests="2" name="com.crm.qa.testcases.VerifyIteraLogoTest" time="7.831" errors="0" timestamp="2022-11-20T20:18:04 IST" skipped="0">
  <testcase classname="com.crm.qa.testcases.VerifyIteraLogoTest" name="verifylogoTest" time="3.899"/>
  <system-out/>
  <testcase classname="com.crm.qa.testcases.VerifyIteraLogoTest" name="verifyPageTitle" time="3.932"/>
  <system-out/>
</testsuite> <!-- com.crm.qa.testcases.VerifyIteraLogoTest -->
